{"/home/nikola/Рабочий стол/frontend-project-46/src/buildDiffTree.js": {"path":"/home/nikola/Рабочий стол/frontend-project-46/src/buildDiffTree.js","statementMap":{"0":{"start":{"line":3,"column":23},"end":{"line":19,"column":1}},"1":{"start":{"line":4,"column":2},"end":{"line":4,"column":40}},"2":{"start":{"line":4,"column":29},"end":{"line":4,"column":40}},"3":{"start":{"line":6,"column":15},"end":{"line":6,"column":41}},"4":{"start":{"line":8,"column":2},"end":{"line":18,"column":4}},"5":{"start":{"line":9,"column":18},"end":{"line":9,"column":26}},"6":{"start":{"line":10,"column":4},"end":{"line":16,"column":5}},"7":{"start":{"line":11,"column":6},"end":{"line":15,"column":7}},"8":{"start":{"line":17,"column":4},"end":{"line":17,"column":44}},"9":{"start":{"line":21,"column":25},"end":{"line":37,"column":1}},"10":{"start":{"line":22,"column":2},"end":{"line":22,"column":40}},"11":{"start":{"line":22,"column":29},"end":{"line":22,"column":40}},"12":{"start":{"line":24,"column":15},"end":{"line":24,"column":41}},"13":{"start":{"line":26,"column":2},"end":{"line":36,"column":4}},"14":{"start":{"line":27,"column":18},"end":{"line":27,"column":26}},"15":{"start":{"line":28,"column":4},"end":{"line":34,"column":5}},"16":{"start":{"line":29,"column":6},"end":{"line":33,"column":7}},"17":{"start":{"line":35,"column":4},"end":{"line":35,"column":44}},"18":{"start":{"line":39,"column":22},"end":{"line":111,"column":1}},"19":{"start":{"line":40,"column":18},"end":{"line":40,"column":63}},"20":{"start":{"line":41,"column":21},"end":{"line":41,"column":38}},"21":{"start":{"line":43,"column":2},"end":{"line":110,"column":20}},"22":{"start":{"line":44,"column":17},"end":{"line":44,"column":33}},"23":{"start":{"line":45,"column":17},"end":{"line":45,"column":33}},"24":{"start":{"line":47,"column":4},"end":{"line":56,"column":5}},"25":{"start":{"line":48,"column":6},"end":{"line":54,"column":7}},"26":{"start":{"line":49,"column":8},"end":{"line":53,"column":9}},"27":{"start":{"line":55,"column":6},"end":{"line":55,"column":55}},"28":{"start":{"line":58,"column":4},"end":{"line":67,"column":5}},"29":{"start":{"line":59,"column":6},"end":{"line":65,"column":7}},"30":{"start":{"line":60,"column":8},"end":{"line":64,"column":9}},"31":{"start":{"line":66,"column":6},"end":{"line":66,"column":53}},"32":{"start":{"line":69,"column":4},"end":{"line":107,"column":5}},"33":{"start":{"line":70,"column":6},"end":{"line":76,"column":7}},"34":{"start":{"line":71,"column":8},"end":{"line":75,"column":9}},"35":{"start":{"line":78,"column":6},"end":{"line":86,"column":7}},"36":{"start":{"line":79,"column":8},"end":{"line":85,"column":9}},"37":{"start":{"line":87,"column":6},"end":{"line":95,"column":7}},"38":{"start":{"line":88,"column":8},"end":{"line":94,"column":9}},"39":{"start":{"line":97,"column":6},"end":{"line":104,"column":7}},"40":{"start":{"line":98,"column":8},"end":{"line":103,"column":9}},"41":{"start":{"line":106,"column":6},"end":{"line":106,"column":57}},"42":{"start":{"line":109,"column":4},"end":{"line":109,"column":15}}},"fnMap":{"0":{"name":"(anonymous_0)","decl":{"start":{"line":3,"column":23},"end":{"line":3,"column":24}},"loc":{"start":{"line":3,"column":32},"end":{"line":19,"column":1}},"line":3},"1":{"name":"(anonymous_1)","decl":{"start":{"line":8,"column":18},"end":{"line":8,"column":19}},"loc":{"start":{"line":8,"column":27},"end":{"line":18,"column":3}},"line":8},"2":{"name":"(anonymous_2)","decl":{"start":{"line":21,"column":25},"end":{"line":21,"column":26}},"loc":{"start":{"line":21,"column":34},"end":{"line":37,"column":1}},"line":21},"3":{"name":"(anonymous_3)","decl":{"start":{"line":26,"column":18},"end":{"line":26,"column":19}},"loc":{"start":{"line":26,"column":27},"end":{"line":36,"column":3}},"line":26},"4":{"name":"(anonymous_4)","decl":{"start":{"line":39,"column":22},"end":{"line":39,"column":23}},"loc":{"start":{"line":39,"column":38},"end":{"line":111,"column":1}},"line":39},"5":{"name":"(anonymous_5)","decl":{"start":{"line":43,"column":24},"end":{"line":43,"column":25}},"loc":{"start":{"line":43,"column":33},"end":{"line":110,"column":3}},"line":43}},"branchMap":{"0":{"loc":{"start":{"line":4,"column":2},"end":{"line":4,"column":40}},"type":"if","locations":[{"start":{"line":4,"column":2},"end":{"line":4,"column":40}},{"start":{},"end":{}}],"line":4},"1":{"loc":{"start":{"line":10,"column":4},"end":{"line":16,"column":5}},"type":"if","locations":[{"start":{"line":10,"column":4},"end":{"line":16,"column":5}},{"start":{},"end":{}}],"line":10},"2":{"loc":{"start":{"line":22,"column":2},"end":{"line":22,"column":40}},"type":"if","locations":[{"start":{"line":22,"column":2},"end":{"line":22,"column":40}},{"start":{},"end":{}}],"line":22},"3":{"loc":{"start":{"line":28,"column":4},"end":{"line":34,"column":5}},"type":"if","locations":[{"start":{"line":28,"column":4},"end":{"line":34,"column":5}},{"start":{},"end":{}}],"line":28},"4":{"loc":{"start":{"line":47,"column":4},"end":{"line":56,"column":5}},"type":"if","locations":[{"start":{"line":47,"column":4},"end":{"line":56,"column":5}},{"start":{},"end":{}}],"line":47},"5":{"loc":{"start":{"line":47,"column":8},"end":{"line":47,"column":21}},"type":"binary-expr","locations":[{"start":{"line":47,"column":8},"end":{"line":47,"column":12}},{"start":{"line":47,"column":16},"end":{"line":47,"column":21}}],"line":47},"6":{"loc":{"start":{"line":48,"column":6},"end":{"line":54,"column":7}},"type":"if","locations":[{"start":{"line":48,"column":6},"end":{"line":54,"column":7}},{"start":{},"end":{}}],"line":48},"7":{"loc":{"start":{"line":58,"column":4},"end":{"line":67,"column":5}},"type":"if","locations":[{"start":{"line":58,"column":4},"end":{"line":67,"column":5}},{"start":{},"end":{}}],"line":58},"8":{"loc":{"start":{"line":58,"column":8},"end":{"line":58,"column":21}},"type":"binary-expr","locations":[{"start":{"line":58,"column":8},"end":{"line":58,"column":13}},{"start":{"line":58,"column":17},"end":{"line":58,"column":21}}],"line":58},"9":{"loc":{"start":{"line":59,"column":6},"end":{"line":65,"column":7}},"type":"if","locations":[{"start":{"line":59,"column":6},"end":{"line":65,"column":7}},{"start":{},"end":{}}],"line":59},"10":{"loc":{"start":{"line":69,"column":4},"end":{"line":107,"column":5}},"type":"if","locations":[{"start":{"line":69,"column":4},"end":{"line":107,"column":5}},{"start":{},"end":{}}],"line":69},"11":{"loc":{"start":{"line":69,"column":8},"end":{"line":69,"column":20}},"type":"binary-expr","locations":[{"start":{"line":69,"column":8},"end":{"line":69,"column":12}},{"start":{"line":69,"column":16},"end":{"line":69,"column":20}}],"line":69},"12":{"loc":{"start":{"line":70,"column":6},"end":{"line":76,"column":7}},"type":"if","locations":[{"start":{"line":70,"column":6},"end":{"line":76,"column":7}},{"start":{},"end":{}}],"line":70},"13":{"loc":{"start":{"line":70,"column":10},"end":{"line":70,"column":66}},"type":"binary-expr","locations":[{"start":{"line":70,"column":10},"end":{"line":70,"column":36}},{"start":{"line":70,"column":40},"end":{"line":70,"column":66}}],"line":70},"14":{"loc":{"start":{"line":78,"column":6},"end":{"line":86,"column":7}},"type":"if","locations":[{"start":{"line":78,"column":6},"end":{"line":86,"column":7}},{"start":{},"end":{}}],"line":78},"15":{"loc":{"start":{"line":78,"column":10},"end":{"line":78,"column":67}},"type":"binary-expr","locations":[{"start":{"line":78,"column":10},"end":{"line":78,"column":36}},{"start":{"line":78,"column":40},"end":{"line":78,"column":67}}],"line":78},"16":{"loc":{"start":{"line":87,"column":6},"end":{"line":95,"column":7}},"type":"if","locations":[{"start":{"line":87,"column":6},"end":{"line":95,"column":7}},{"start":{},"end":{}}],"line":87},"17":{"loc":{"start":{"line":87,"column":10},"end":{"line":87,"column":67}},"type":"binary-expr","locations":[{"start":{"line":87,"column":10},"end":{"line":87,"column":37}},{"start":{"line":87,"column":41},"end":{"line":87,"column":67}}],"line":87},"18":{"loc":{"start":{"line":97,"column":6},"end":{"line":104,"column":7}},"type":"if","locations":[{"start":{"line":97,"column":6},"end":{"line":104,"column":7}},{"start":{},"end":{}}],"line":97}},"s":{"0":1,"1":8,"2":0,"3":8,"4":8,"5":10,"6":10,"7":4,"8":6,"9":1,"10":6,"11":0,"12":6,"13":6,"14":8,"15":8,"16":2,"17":6,"18":1,"19":12,"20":12,"21":12,"22":36,"23":36,"24":36,"25":4,"26":2,"27":2,"28":32,"29":10,"30":4,"31":6,"32":22,"33":22,"34":8,"35":14,"36":2,"37":12,"38":0,"39":12,"40":6,"41":6,"42":0},"f":{"0":8,"1":10,"2":6,"3":8,"4":12,"5":36},"b":{"0":[0,8],"1":[4,6],"2":[0,6],"3":[2,6],"4":[4,32],"5":[36,26],"6":[2,2],"7":[10,22],"8":[32,10],"9":[4,6],"10":[22,0],"11":[22,22],"12":[8,14],"13":[22,10],"14":[2,12],"15":[14,2],"16":[0,12],"17":[12,12],"18":[6,6]},"_coverageSchema":"1a1c01bbd47fc00a2c39e90264f33305004495a9","hash":"0f93e8eab80e4c419898fe3fe80bac8094a0a8d4"}
,"/home/nikola/Рабочий стол/frontend-project-46/src/index.js": {"path":"/home/nikola/Рабочий стол/frontend-project-46/src/index.js","statementMap":{"0":{"start":{"line":8,"column":16},"end":{"line":67,"column":1}},"1":{"start":{"line":9,"column":2},"end":{"line":66,"column":3}},"2":{"start":{"line":10,"column":18},"end":{"line":10,"column":52}},"3":{"start":{"line":11,"column":18},"end":{"line":11,"column":52}},"4":{"start":{"line":13,"column":17},"end":{"line":13,"column":40}},"5":{"start":{"line":14,"column":17},"end":{"line":14,"column":40}},"6":{"start":{"line":20,"column":17},"end":{"line":20,"column":43}},"7":{"start":{"line":21,"column":17},"end":{"line":21,"column":43}},"8":{"start":{"line":23,"column":21},"end":{"line":23,"column":46}},"9":{"start":{"line":24,"column":18},"end":{"line":24,"column":41}},"10":{"start":{"line":25,"column":4},"end":{"line":27,"column":5}},"11":{"start":{"line":26,"column":6},"end":{"line":26,"column":19}},"12":{"start":{"line":62,"column":4},"end":{"line":62,"column":27}},"13":{"start":{"line":65,"column":4},"end":{"line":65,"column":56}}},"fnMap":{"0":{"name":"(anonymous_0)","decl":{"start":{"line":8,"column":16},"end":{"line":8,"column":17}},"loc":{"start":{"line":8,"column":42},"end":{"line":67,"column":1}},"line":8}},"branchMap":{"0":{"loc":{"start":{"line":25,"column":4},"end":{"line":27,"column":5}},"type":"if","locations":[{"start":{"line":25,"column":4},"end":{"line":27,"column":5}},{"start":{},"end":{}}],"line":25}},"s":{"0":1,"1":5,"2":5,"3":4,"4":4,"5":4,"6":4,"7":4,"8":4,"9":4,"10":4,"11":2,"12":2,"13":1},"f":{"0":5},"b":{"0":[2,2]},"_coverageSchema":"1a1c01bbd47fc00a2c39e90264f33305004495a9","hash":"f2a077054525b40660cfdfaf18378da6bbe5922c"}
,"/home/nikola/Рабочий стол/frontend-project-46/src/formatters/stylish.js": {"path":"/home/nikola/Рабочий стол/frontend-project-46/src/formatters/stylish.js","statementMap":{"0":{"start":{"line":3,"column":20},"end":{"line":11,"column":1}},"1":{"start":{"line":4,"column":2},"end":{"line":4,"column":49}},"2":{"start":{"line":4,"column":25},"end":{"line":4,"column":49}},"3":{"start":{"line":5,"column":2},"end":{"line":10,"column":3}},"4":{"start":{"line":9,"column":4},"end":{"line":9,"column":24}},"5":{"start":{"line":13,"column":16},"end":{"line":64,"column":1}},"6":{"start":{"line":14,"column":16},"end":{"line":14,"column":37}},"7":{"start":{"line":16,"column":16},"end":{"line":61,"column":4}},"8":{"start":{"line":17,"column":87},"end":{"line":17,"column":91}},"9":{"start":{"line":19,"column":4},"end":{"line":22,"column":5}},"10":{"start":{"line":20,"column":26},"end":{"line":20,"column":54}},"11":{"start":{"line":21,"column":6},"end":{"line":21,"column":67}},"12":{"start":{"line":24,"column":4},"end":{"line":27,"column":5}},"13":{"start":{"line":25,"column":26},"end":{"line":25,"column":54}},"14":{"start":{"line":26,"column":6},"end":{"line":26,"column":67}},"15":{"start":{"line":29,"column":4},"end":{"line":32,"column":5}},"16":{"start":{"line":30,"column":26},"end":{"line":30,"column":54}},"17":{"start":{"line":31,"column":6},"end":{"line":31,"column":67}},"18":{"start":{"line":34,"column":4},"end":{"line":36,"column":5}},"19":{"start":{"line":35,"column":6},"end":{"line":35,"column":56}},"20":{"start":{"line":38,"column":4},"end":{"line":40,"column":5}},"21":{"start":{"line":39,"column":6},"end":{"line":39,"column":56}},"22":{"start":{"line":42,"column":4},"end":{"line":44,"column":5}},"23":{"start":{"line":43,"column":6},"end":{"line":43,"column":56}},"24":{"start":{"line":46,"column":4},"end":{"line":58,"column":5}},"25":{"start":{"line":47,"column":6},"end":{"line":50,"column":7}},"26":{"start":{"line":48,"column":29},"end":{"line":48,"column":60}},"27":{"start":{"line":49,"column":8},"end":{"line":49,"column":116}},"28":{"start":{"line":52,"column":6},"end":{"line":55,"column":7}},"29":{"start":{"line":53,"column":27},"end":{"line":53,"column":56}},"30":{"start":{"line":54,"column":8},"end":{"line":54,"column":114}},"31":{"start":{"line":57,"column":6},"end":{"line":57,"column":105}},"32":{"start":{"line":60,"column":4},"end":{"line":60,"column":13}},"33":{"start":{"line":63,"column":2},"end":{"line":63,"column":25}}},"fnMap":{"0":{"name":"(anonymous_0)","decl":{"start":{"line":3,"column":20},"end":{"line":3,"column":21}},"loc":{"start":{"line":3,"column":31},"end":{"line":11,"column":1}},"line":3},"1":{"name":"(anonymous_1)","decl":{"start":{"line":13,"column":16},"end":{"line":13,"column":17}},"loc":{"start":{"line":13,"column":37},"end":{"line":64,"column":1}},"line":13},"2":{"name":"(anonymous_2)","decl":{"start":{"line":16,"column":25},"end":{"line":16,"column":26}},"loc":{"start":{"line":16,"column":35},"end":{"line":61,"column":3}},"line":16}},"branchMap":{"0":{"loc":{"start":{"line":4,"column":2},"end":{"line":4,"column":49}},"type":"if","locations":[{"start":{"line":4,"column":2},"end":{"line":4,"column":49}},{"start":{},"end":{}}],"line":4},"1":{"loc":{"start":{"line":5,"column":2},"end":{"line":10,"column":3}},"type":"if","locations":[{"start":{"line":5,"column":2},"end":{"line":10,"column":3}},{"start":{},"end":{}}],"line":5},"2":{"loc":{"start":{"line":5,"column":6},"end":{"line":8,"column":21}},"type":"binary-expr","locations":[{"start":{"line":5,"column":6},"end":{"line":5,"column":31}},{"start":{"line":6,"column":7},"end":{"line":6,"column":33}},{"start":{"line":7,"column":7},"end":{"line":7,"column":32}},{"start":{"line":8,"column":7},"end":{"line":8,"column":21}}],"line":5},"3":{"loc":{"start":{"line":13,"column":23},"end":{"line":13,"column":32}},"type":"default-arg","locations":[{"start":{"line":13,"column":31},"end":{"line":13,"column":32}}],"line":13},"4":{"loc":{"start":{"line":19,"column":4},"end":{"line":22,"column":5}},"type":"if","locations":[{"start":{"line":19,"column":4},"end":{"line":22,"column":5}},{"start":{},"end":{}}],"line":19},"5":{"loc":{"start":{"line":24,"column":4},"end":{"line":27,"column":5}},"type":"if","locations":[{"start":{"line":24,"column":4},"end":{"line":27,"column":5}},{"start":{},"end":{}}],"line":24},"6":{"loc":{"start":{"line":29,"column":4},"end":{"line":32,"column":5}},"type":"if","locations":[{"start":{"line":29,"column":4},"end":{"line":32,"column":5}},{"start":{},"end":{}}],"line":29},"7":{"loc":{"start":{"line":34,"column":4},"end":{"line":36,"column":5}},"type":"if","locations":[{"start":{"line":34,"column":4},"end":{"line":36,"column":5}},{"start":{},"end":{}}],"line":34},"8":{"loc":{"start":{"line":38,"column":4},"end":{"line":40,"column":5}},"type":"if","locations":[{"start":{"line":38,"column":4},"end":{"line":40,"column":5}},{"start":{},"end":{}}],"line":38},"9":{"loc":{"start":{"line":42,"column":4},"end":{"line":44,"column":5}},"type":"if","locations":[{"start":{"line":42,"column":4},"end":{"line":44,"column":5}},{"start":{},"end":{}}],"line":42},"10":{"loc":{"start":{"line":46,"column":4},"end":{"line":58,"column":5}},"type":"if","locations":[{"start":{"line":46,"column":4},"end":{"line":58,"column":5}},{"start":{},"end":{}}],"line":46},"11":{"loc":{"start":{"line":47,"column":6},"end":{"line":50,"column":7}},"type":"if","locations":[{"start":{"line":47,"column":6},"end":{"line":50,"column":7}},{"start":{},"end":{}}],"line":47},"12":{"loc":{"start":{"line":52,"column":6},"end":{"line":55,"column":7}},"type":"if","locations":[{"start":{"line":52,"column":6},"end":{"line":55,"column":7}},{"start":{},"end":{}}],"line":52}},"s":{"0":1,"1":40,"2":0,"3":40,"4":40,"5":1,"6":26,"7":26,"8":54,"9":54,"10":14,"11":14,"12":40,"13":2,"14":2,"15":38,"16":4,"17":4,"18":34,"19":6,"20":28,"21":2,"22":26,"23":18,"24":8,"25":8,"26":2,"27":2,"28":6,"29":0,"30":0,"31":6,"32":0,"33":26},"f":{"0":40,"1":26,"2":54},"b":{"0":[0,40],"1":[40,0],"2":[40,16,12,2],"3":[4],"4":[14,40],"5":[2,38],"6":[4,34],"7":[6,28],"8":[2,26],"9":[18,8],"10":[8,0],"11":[2,6],"12":[0,6]},"_coverageSchema":"1a1c01bbd47fc00a2c39e90264f33305004495a9","hash":"29f58bd01884397b5bf8cec69b87a35d9787a376"}
,"/home/nikola/Рабочий стол/frontend-project-46/src/parsers/index.js": {"path":"/home/nikola/Рабочий стол/frontend-project-46/src/parsers/index.js","statementMap":{"0":{"start":{"line":3,"column":22},"end":{"line":22,"column":1}},"1":{"start":{"line":4,"column":2},"end":{"line":11,"column":3}},"2":{"start":{"line":5,"column":4},"end":{"line":10,"column":5}},"3":{"start":{"line":6,"column":6},"end":{"line":6,"column":32}},"4":{"start":{"line":9,"column":6},"end":{"line":9,"column":57}},"5":{"start":{"line":12,"column":2},"end":{"line":19,"column":3}},"6":{"start":{"line":13,"column":4},"end":{"line":18,"column":5}},"7":{"start":{"line":14,"column":6},"end":{"line":14,"column":31}},"8":{"start":{"line":17,"column":6},"end":{"line":17,"column":57}},"9":{"start":{"line":21,"column":2},"end":{"line":21,"column":41}}},"fnMap":{"0":{"name":"(anonymous_0)","decl":{"start":{"line":3,"column":22},"end":{"line":3,"column":23}},"loc":{"start":{"line":3,"column":43},"end":{"line":22,"column":1}},"line":3}},"branchMap":{"0":{"loc":{"start":{"line":4,"column":2},"end":{"line":11,"column":3}},"type":"if","locations":[{"start":{"line":4,"column":2},"end":{"line":11,"column":3}},{"start":{},"end":{}}],"line":4},"1":{"loc":{"start":{"line":12,"column":2},"end":{"line":19,"column":3}},"type":"if","locations":[{"start":{"line":12,"column":2},"end":{"line":19,"column":3}},{"start":{},"end":{}}],"line":12},"2":{"loc":{"start":{"line":12,"column":6},"end":{"line":12,"column":45}},"type":"binary-expr","locations":[{"start":{"line":12,"column":6},"end":{"line":12,"column":23}},{"start":{"line":12,"column":27},"end":{"line":12,"column":45}}],"line":12}},"s":{"0":1,"1":8,"2":4,"3":4,"4":0,"5":4,"6":4,"7":4,"8":0,"9":0},"f":{"0":8},"b":{"0":[4,4],"1":[4,0],"2":[4,0]},"_coverageSchema":"1a1c01bbd47fc00a2c39e90264f33305004495a9","hash":"31e785b067d765ede2a96d8da87e62380316cd26"}
}
