TN:
SF:src/buildDiffTree.js
FN:3,(anonymous_0)
FN:8,(anonymous_1)
FN:21,(anonymous_2)
FN:26,(anonymous_3)
FN:39,(anonymous_4)
FN:43,(anonymous_5)
FNF:6
FNH:6
FNDA:8,(anonymous_0)
FNDA:10,(anonymous_1)
FNDA:6,(anonymous_2)
FNDA:8,(anonymous_3)
FNDA:12,(anonymous_4)
FNDA:36,(anonymous_5)
DA:3,1
DA:4,8
DA:6,8
DA:8,8
DA:9,10
DA:10,10
DA:11,4
DA:17,6
DA:21,1
DA:22,6
DA:24,6
DA:26,6
DA:27,8
DA:28,8
DA:29,2
DA:35,6
DA:39,1
DA:40,12
DA:41,12
DA:43,12
DA:44,36
DA:45,36
DA:47,36
DA:48,4
DA:49,2
DA:55,2
DA:58,32
DA:59,10
DA:60,4
DA:66,6
DA:69,22
DA:70,22
DA:71,8
DA:78,14
DA:79,2
DA:87,12
DA:88,0
DA:97,12
DA:98,6
DA:106,6
DA:109,0
LF:41
LH:39
BRDA:4,0,0,0
BRDA:4,0,1,8
BRDA:10,1,0,4
BRDA:10,1,1,6
BRDA:22,2,0,0
BRDA:22,2,1,6
BRDA:28,3,0,2
BRDA:28,3,1,6
BRDA:47,4,0,4
BRDA:47,4,1,32
BRDA:47,5,0,36
BRDA:47,5,1,26
BRDA:48,6,0,2
BRDA:48,6,1,2
BRDA:58,7,0,10
BRDA:58,7,1,22
BRDA:58,8,0,32
BRDA:58,8,1,10
BRDA:59,9,0,4
BRDA:59,9,1,6
BRDA:69,10,0,22
BRDA:69,10,1,0
BRDA:69,11,0,22
BRDA:69,11,1,22
BRDA:70,12,0,8
BRDA:70,12,1,14
BRDA:70,13,0,22
BRDA:70,13,1,10
BRDA:78,14,0,2
BRDA:78,14,1,12
BRDA:78,15,0,14
BRDA:78,15,1,2
BRDA:87,16,0,0
BRDA:87,16,1,12
BRDA:87,17,0,12
BRDA:87,17,1,12
BRDA:97,18,0,6
BRDA:97,18,1,6
BRF:38
BRH:34
end_of_record
TN:
SF:src/index.js
FN:8,(anonymous_0)
FNF:1
FNH:1
FNDA:5,(anonymous_0)
DA:8,1
DA:9,5
DA:10,5
DA:11,4
DA:13,4
DA:14,4
DA:20,4
DA:21,4
DA:23,4
DA:24,4
DA:25,4
DA:26,2
DA:62,2
DA:65,1
LF:14
LH:14
BRDA:25,0,0,2
BRDA:25,0,1,2
BRF:2
BRH:2
end_of_record
TN:
SF:src/formatters/stylish.js
FN:3,(anonymous_0)
FN:13,(anonymous_1)
FN:16,(anonymous_2)
FNF:3
FNH:3
FNDA:40,(anonymous_0)
FNDA:26,(anonymous_1)
FNDA:54,(anonymous_2)
DA:3,1
DA:4,40
DA:5,40
DA:9,40
DA:13,1
DA:14,26
DA:16,26
DA:17,54
DA:19,54
DA:20,14
DA:21,14
DA:24,40
DA:25,2
DA:26,2
DA:29,38
DA:30,4
DA:31,4
DA:34,34
DA:35,6
DA:38,28
DA:39,2
DA:42,26
DA:43,18
DA:46,8
DA:47,8
DA:48,2
DA:49,2
DA:52,6
DA:53,0
DA:54,0
DA:57,6
DA:60,0
DA:63,26
LF:33
LH:30
BRDA:4,0,0,0
BRDA:4,0,1,40
BRDA:5,1,0,40
BRDA:5,1,1,0
BRDA:5,2,0,40
BRDA:5,2,1,16
BRDA:5,2,2,12
BRDA:5,2,3,2
BRDA:13,3,0,4
BRDA:19,4,0,14
BRDA:19,4,1,40
BRDA:24,5,0,2
BRDA:24,5,1,38
BRDA:29,6,0,4
BRDA:29,6,1,34
BRDA:34,7,0,6
BRDA:34,7,1,28
BRDA:38,8,0,2
BRDA:38,8,1,26
BRDA:42,9,0,18
BRDA:42,9,1,8
BRDA:46,10,0,8
BRDA:46,10,1,0
BRDA:47,11,0,2
BRDA:47,11,1,6
BRDA:52,12,0,0
BRDA:52,12,1,6
BRF:27
BRH:23
end_of_record
TN:
SF:src/parsers/index.js
FN:3,(anonymous_0)
FNF:1
FNH:1
FNDA:8,(anonymous_0)
DA:3,1
DA:4,8
DA:5,4
DA:6,4
DA:9,0
DA:12,4
DA:13,4
DA:14,4
DA:17,0
DA:21,0
LF:10
LH:7
BRDA:4,0,0,4
BRDA:4,0,1,4
BRDA:12,1,0,4
BRDA:12,1,1,0
BRDA:12,2,0,4
BRDA:12,2,1,0
BRF:6
BRH:4
end_of_record
